2021-11-10 08:31:27,740 INFO org.springframework.boot.StartupInfoLogger [restartedMain] Starting DemoApplication using Java 1.8.0_144 on DESKTOP-RSSL4UD with PID 5456 (F:\my_workspace\springboot-springdatajpa-maven\demo\target\classes started by ongdi in F:\my_workspace\springboot-springdatajpa-maven\demo)
2021-11-10 08:31:27,819 DEBUG org.springframework.boot.StartupInfoLogger [restartedMain] Running with Spring Boot v2.5.6, Spring v5.3.12
2021-11-10 08:31:27,822 INFO org.springframework.boot.SpringApplication [restartedMain] No active profile set, falling back to default profiles: default
2021-11-10 08:31:47,053 DEBUG org.springframework.web.filter.GenericFilterBean [restartedMain] Filter 'jwtRequestFilter' configured for use
2021-11-10 08:32:58,703 INFO org.springframework.boot.StartupInfoLogger [restartedMain] Starting DemoApplication using Java 1.8.0_144 on DESKTOP-RSSL4UD with PID 16160 (F:\my_workspace\springboot-springdatajpa-maven\demo\target\classes started by ongdi in F:\my_workspace\springboot-springdatajpa-maven\demo)
2021-11-10 08:32:58,711 DEBUG org.springframework.boot.StartupInfoLogger [restartedMain] Running with Spring Boot v2.5.6, Spring v5.3.12
2021-11-10 08:32:58,711 INFO org.springframework.boot.SpringApplication [restartedMain] No active profile set, falling back to default profiles: default
2021-11-10 08:33:13,141 DEBUG org.springframework.web.filter.GenericFilterBean [restartedMain] Filter 'jwtRequestFilter' configured for use
2021-11-10 08:36:09,255 INFO org.springframework.boot.StartupInfoLogger [restartedMain] Starting DemoApplication using Java 1.8.0_144 on DESKTOP-RSSL4UD with PID 16824 (F:\my_workspace\springboot-springdatajpa-maven\demo\target\classes started by ongdi in F:\my_workspace\springboot-springdatajpa-maven\demo)
2021-11-10 08:36:09,320 DEBUG org.springframework.boot.StartupInfoLogger [restartedMain] Running with Spring Boot v2.5.6, Spring v5.3.12
2021-11-10 08:36:09,321 INFO org.springframework.boot.SpringApplication [restartedMain] No active profile set, falling back to default profiles: default
2021-11-10 08:36:31,383 DEBUG org.springframework.web.filter.GenericFilterBean [restartedMain] Filter 'jwtRequestFilter' configured for use
2021-11-10 08:36:42,760 INFO org.springframework.boot.StartupInfoLogger [restartedMain] Started DemoApplication in 36.229 seconds (JVM running for 43.081)
2021-11-10 08:43:47,134 INFO org.springframework.boot.StartupInfoLogger [main] Starting ProductRequestTest using Java 1.8.0_144 on DESKTOP-RSSL4UD with PID 16324 (started by ongdi in F:\my_workspace\springboot-springdatajpa-maven\demo)
2021-11-10 08:43:47,137 DEBUG org.springframework.boot.StartupInfoLogger [main] Running with Spring Boot v2.5.6, Spring v5.3.12
2021-11-10 08:43:47,174 INFO org.springframework.boot.SpringApplication [main] No active profile set, falling back to default profiles: default
2021-11-10 08:52:06,689 INFO org.springframework.boot.StartupInfoLogger [main] Starting ProductRequestTest using Java 1.8.0_144 on DESKTOP-RSSL4UD with PID 11668 (started by ongdi in F:\my_workspace\springboot-springdatajpa-maven\demo)
2021-11-10 08:52:06,697 DEBUG org.springframework.boot.StartupInfoLogger [main] Running with Spring Boot v2.5.6, Spring v5.3.12
2021-11-10 08:52:06,734 INFO org.springframework.boot.SpringApplication [main] No active profile set, falling back to default profiles: default
2021-11-10 08:54:07,730 INFO org.springframework.boot.StartupInfoLogger [main] Starting ProductRequestTest using Java 1.8.0_144 on DESKTOP-RSSL4UD with PID 18044 (started by ongdi in F:\my_workspace\springboot-springdatajpa-maven\demo)
2021-11-10 08:54:07,733 DEBUG org.springframework.boot.StartupInfoLogger [main] Running with Spring Boot v2.5.6, Spring v5.3.12
2021-11-10 08:54:07,756 INFO org.springframework.boot.SpringApplication [main] No active profile set, falling back to default profiles: default
2021-11-10 09:03:08,210 INFO org.springframework.boot.StartupInfoLogger [main] Starting ProductRequestTest using Java 1.8.0_144 on DESKTOP-RSSL4UD with PID 9800 (started by ongdi in F:\my_workspace\springboot-springdatajpa-maven\demo)
2021-11-10 09:03:08,216 DEBUG org.springframework.boot.StartupInfoLogger [main] Running with Spring Boot v2.5.6, Spring v5.3.12
2021-11-10 09:03:08,243 INFO org.springframework.boot.SpringApplication [main] No active profile set, falling back to default profiles: default
2021-11-10 09:17:50,673 INFO org.springframework.boot.StartupInfoLogger [restartedMain] Starting DemoApplication using Java 1.8.0_144 on DESKTOP-RSSL4UD with PID 16824 (F:\my_workspace\springboot-springdatajpa-maven\demo\target\classes started by ongdi in F:\my_workspace\springboot-springdatajpa-maven\demo)
2021-11-10 09:17:50,674 DEBUG org.springframework.boot.StartupInfoLogger [restartedMain] Running with Spring Boot v2.5.6, Spring v5.3.12
2021-11-10 09:17:50,675 INFO org.springframework.boot.SpringApplication [restartedMain] No active profile set, falling back to default profiles: default
2021-11-10 09:17:55,939 DEBUG org.springframework.web.filter.GenericFilterBean [restartedMain] Filter 'jwtRequestFilter' configured for use
2021-11-10 09:18:04,086 INFO org.springframework.boot.StartupInfoLogger [restartedMain] Started DemoApplication in 13.558 seconds (JVM running for 2524.407)
2021-11-10 09:18:12,019 INFO org.springframework.boot.StartupInfoLogger [restartedMain] Starting DemoApplication using Java 1.8.0_144 on DESKTOP-RSSL4UD with PID 16824 (F:\my_workspace\springboot-springdatajpa-maven\demo\target\classes started by ongdi in F:\my_workspace\springboot-springdatajpa-maven\demo)
2021-11-10 09:18:12,020 DEBUG org.springframework.boot.StartupInfoLogger [restartedMain] Running with Spring Boot v2.5.6, Spring v5.3.12
2021-11-10 09:18:12,021 INFO org.springframework.boot.SpringApplication [restartedMain] No active profile set, falling back to default profiles: default
2021-11-10 09:18:15,891 DEBUG org.springframework.web.filter.GenericFilterBean [restartedMain] Filter 'jwtRequestFilter' configured for use
2021-11-10 09:18:18,394 INFO org.springframework.boot.StartupInfoLogger [restartedMain] Started DemoApplication in 6.474 seconds (JVM running for 2538.71)
2021-11-10 09:25:42,082 INFO org.springframework.boot.StartupInfoLogger [restartedMain] Starting DemoApplication using Java 1.8.0_144 on DESKTOP-RSSL4UD with PID 16824 (F:\my_workspace\springboot-springdatajpa-maven\demo\target\classes started by ongdi in F:\my_workspace\springboot-springdatajpa-maven\demo)
2021-11-10 09:25:42,083 DEBUG org.springframework.boot.StartupInfoLogger [restartedMain] Running with Spring Boot v2.5.6, Spring v5.3.12
2021-11-10 09:25:42,083 INFO org.springframework.boot.SpringApplication [restartedMain] No active profile set, falling back to default profiles: default
2021-11-10 09:25:47,489 DEBUG org.springframework.web.filter.GenericFilterBean [restartedMain] Filter 'jwtRequestFilter' configured for use
2021-11-10 09:25:49,939 INFO org.springframework.boot.StartupInfoLogger [restartedMain] Started DemoApplication in 8.137 seconds (JVM running for 2990.26)
2021-11-10 09:25:56,993 INFO org.springframework.boot.StartupInfoLogger [restartedMain] Starting DemoApplication using Java 1.8.0_144 on DESKTOP-RSSL4UD with PID 16824 (F:\my_workspace\springboot-springdatajpa-maven\demo\target\classes started by ongdi in F:\my_workspace\springboot-springdatajpa-maven\demo)
2021-11-10 09:25:56,994 DEBUG org.springframework.boot.StartupInfoLogger [restartedMain] Running with Spring Boot v2.5.6, Spring v5.3.12
2021-11-10 09:25:56,994 INFO org.springframework.boot.SpringApplication [restartedMain] No active profile set, falling back to default profiles: default
2021-11-10 09:26:00,399 DEBUG org.springframework.web.filter.GenericFilterBean [restartedMain] Filter 'jwtRequestFilter' configured for use
2021-11-10 09:26:02,364 INFO org.springframework.boot.StartupInfoLogger [restartedMain] Started DemoApplication in 5.453 seconds (JVM running for 3002.685)
2021-11-10 09:41:08,744 INFO org.springframework.boot.StartupInfoLogger [restartedMain] Starting DemoApplication using Java 1.8.0_144 on DESKTOP-RSSL4UD with PID 16824 (F:\my_workspace\springboot-springdatajpa-maven\demo\target\classes started by ongdi in F:\my_workspace\springboot-springdatajpa-maven\demo)
2021-11-10 09:41:08,744 DEBUG org.springframework.boot.StartupInfoLogger [restartedMain] Running with Spring Boot v2.5.6, Spring v5.3.12
2021-11-10 09:41:08,745 INFO org.springframework.boot.SpringApplication [restartedMain] No active profile set, falling back to default profiles: default
2021-11-10 09:41:13,187 DEBUG org.springframework.web.filter.GenericFilterBean [restartedMain] Filter 'jwtRequestFilter' configured for use
2021-11-10 09:41:16,283 INFO org.springframework.boot.StartupInfoLogger [restartedMain] Started DemoApplication in 7.634 seconds (JVM running for 3916.603)
2021-11-10 09:41:23,544 INFO org.springframework.boot.StartupInfoLogger [restartedMain] Starting DemoApplication using Java 1.8.0_144 on DESKTOP-RSSL4UD with PID 16824 (F:\my_workspace\springboot-springdatajpa-maven\demo\target\classes started by ongdi in F:\my_workspace\springboot-springdatajpa-maven\demo)
2021-11-10 09:41:23,545 DEBUG org.springframework.boot.StartupInfoLogger [restartedMain] Running with Spring Boot v2.5.6, Spring v5.3.12
2021-11-10 09:41:23,546 INFO org.springframework.boot.SpringApplication [restartedMain] No active profile set, falling back to default profiles: default
2021-11-10 09:41:26,751 DEBUG org.springframework.web.filter.GenericFilterBean [restartedMain] Filter 'jwtRequestFilter' configured for use
2021-11-10 09:41:28,739 INFO org.springframework.boot.StartupInfoLogger [restartedMain] Started DemoApplication in 5.28 seconds (JVM running for 3929.059)
2021-11-10 09:46:59,528 INFO org.springframework.boot.StartupInfoLogger [restartedMain] Starting DemoApplication using Java 1.8.0_144 on DESKTOP-RSSL4UD with PID 16824 (F:\my_workspace\springboot-springdatajpa-maven\demo\target\classes started by ongdi in F:\my_workspace\springboot-springdatajpa-maven\demo)
2021-11-10 09:46:59,529 DEBUG org.springframework.boot.StartupInfoLogger [restartedMain] Running with Spring Boot v2.5.6, Spring v5.3.12
2021-11-10 09:46:59,529 INFO org.springframework.boot.SpringApplication [restartedMain] No active profile set, falling back to default profiles: default
2021-11-10 09:47:05,116 DEBUG org.springframework.web.filter.GenericFilterBean [restartedMain] Filter 'jwtRequestFilter' configured for use
2021-11-10 09:47:08,851 INFO org.springframework.boot.StartupInfoLogger [restartedMain] Started DemoApplication in 9.446 seconds (JVM running for 4269.172)
2021-11-10 09:47:16,084 INFO org.springframework.boot.StartupInfoLogger [restartedMain] Starting DemoApplication using Java 1.8.0_144 on DESKTOP-RSSL4UD with PID 16824 (F:\my_workspace\springboot-springdatajpa-maven\demo\target\classes started by ongdi in F:\my_workspace\springboot-springdatajpa-maven\demo)
2021-11-10 09:47:16,084 DEBUG org.springframework.boot.StartupInfoLogger [restartedMain] Running with Spring Boot v2.5.6, Spring v5.3.12
2021-11-10 09:47:16,085 INFO org.springframework.boot.SpringApplication [restartedMain] No active profile set, falling back to default profiles: default
2021-11-10 09:47:19,533 DEBUG org.springframework.web.filter.GenericFilterBean [restartedMain] Filter 'jwtRequestFilter' configured for use
2021-11-10 09:47:21,688 INFO org.springframework.boot.StartupInfoLogger [restartedMain] Started DemoApplication in 5.688 seconds (JVM running for 4282.009)
2021-11-10 18:44:40,277 INFO org.springframework.boot.StartupInfoLogger [main] Starting ProductJpaServiceTest using Java 1.8.0_144 on DESKTOP-RSSL4UD with PID 6292 (started by ongdi in F:\my_workspace\springboot-springdatajpa-maven\demo)
2021-11-10 18:44:40,282 DEBUG org.springframework.boot.StartupInfoLogger [main] Running with Spring Boot v2.5.6, Spring v5.3.12
2021-11-10 18:44:40,291 INFO org.springframework.boot.SpringApplication [main] No active profile set, falling back to default profiles: default
2021-11-10 19:39:52,195 INFO org.springframework.boot.StartupInfoLogger [restartedMain] Starting DemoApplication using Java 1.8.0_144 on DESKTOP-RSSL4UD with PID 18844 (F:\my_workspace\springboot-springdatajpa-maven\demo\target\classes started by ongdi in F:\my_workspace\springboot-springdatajpa-maven\demo)
2021-11-10 19:39:52,204 DEBUG org.springframework.boot.StartupInfoLogger [restartedMain] Running with Spring Boot v2.5.6, Spring v5.3.12
2021-11-10 19:39:52,205 INFO org.springframework.boot.SpringApplication [restartedMain] No active profile set, falling back to default profiles: default
2021-11-10 19:40:08,764 DEBUG org.springframework.web.filter.GenericFilterBean [restartedMain] Filter 'jwtRequestFilter' configured for use
2021-11-10 19:40:20,903 INFO org.springframework.boot.StartupInfoLogger [restartedMain] Started DemoApplication in 31.032 seconds (JVM running for 37.367)
2021-11-10 20:35:36,392 INFO org.springframework.boot.StartupInfoLogger [restartedMain] Starting DemoApplication using Java 1.8.0_144 on DESKTOP-RSSL4UD with PID 18844 (F:\my_workspace\springboot-springdatajpa-maven\demo\target\classes started by ongdi in F:\my_workspace\springboot-springdatajpa-maven\demo)
2021-11-10 20:35:36,393 DEBUG org.springframework.boot.StartupInfoLogger [restartedMain] Running with Spring Boot v2.5.6, Spring v5.3.12
2021-11-10 20:35:36,393 INFO org.springframework.boot.SpringApplication [restartedMain] No active profile set, falling back to default profiles: default
2021-11-10 20:35:41,774 DEBUG org.springframework.web.filter.GenericFilterBean [restartedMain] Filter 'jwtRequestFilter' configured for use
2021-11-10 20:35:50,028 INFO org.springframework.boot.StartupInfoLogger [restartedMain] Starting DemoApplication using Java 1.8.0_144 on DESKTOP-RSSL4UD with PID 18844 (F:\my_workspace\springboot-springdatajpa-maven\demo\target\classes started by ongdi in F:\my_workspace\springboot-springdatajpa-maven\demo)
2021-11-10 20:35:50,029 DEBUG org.springframework.boot.StartupInfoLogger [restartedMain] Running with Spring Boot v2.5.6, Spring v5.3.12
2021-11-10 20:35:50,029 INFO org.springframework.boot.SpringApplication [restartedMain] No active profile set, falling back to default profiles: default
2021-11-10 20:35:54,802 DEBUG org.springframework.web.filter.GenericFilterBean [restartedMain] Filter 'jwtRequestFilter' configured for use
2021-11-10 20:35:58,270 INFO org.springframework.boot.StartupInfoLogger [restartedMain] Started DemoApplication in 8.389 seconds (JVM running for 3374.735)
2021-11-10 21:06:56,682 INFO org.springframework.boot.StartupInfoLogger [restartedMain] Starting DemoApplication using Java 1.8.0_144 on DESKTOP-RSSL4UD with PID 18844 (F:\my_workspace\springboot-springdatajpa-maven\demo\target\classes started by ongdi in F:\my_workspace\springboot-springdatajpa-maven\demo)
2021-11-10 21:06:56,682 DEBUG org.springframework.boot.StartupInfoLogger [restartedMain] Running with Spring Boot v2.5.6, Spring v5.3.12
2021-11-10 21:06:56,683 INFO org.springframework.boot.SpringApplication [restartedMain] No active profile set, falling back to default profiles: default
2021-11-10 21:07:01,162 DEBUG org.springframework.web.filter.GenericFilterBean [restartedMain] Filter 'jwtRequestFilter' configured for use
2021-11-10 21:48:52,973 INFO org.springframework.boot.StartupInfoLogger [restartedMain] Starting DemoApplication using Java 1.8.0_144 on DESKTOP-RSSL4UD with PID 18844 (F:\my_workspace\springboot-springdatajpa-maven\demo\target\classes started by ongdi in F:\my_workspace\springboot-springdatajpa-maven\demo)
2021-11-10 21:48:52,975 DEBUG org.springframework.boot.StartupInfoLogger [restartedMain] Running with Spring Boot v2.5.6, Spring v5.3.12
2021-11-10 21:48:52,975 INFO org.springframework.boot.SpringApplication [restartedMain] No active profile set, falling back to default profiles: default
2021-11-10 21:48:59,039 DEBUG org.springframework.web.filter.GenericFilterBean [restartedMain] Filter 'jwtRequestFilter' configured for use
2021-11-10 21:49:02,404 INFO org.springframework.boot.StartupInfoLogger [restartedMain] Started DemoApplication in 9.661 seconds (JVM running for 7758.868)
2021-11-10 23:10:10,973 INFO org.springframework.boot.StartupInfoLogger [main] Starting ProductJPAControllerTest using Java 1.8.0_144 on DESKTOP-RSSL4UD with PID 17580 (started by ongdi in F:\my_workspace\springboot-springdatajpa-maven\demo)
2021-11-10 23:10:10,977 DEBUG org.springframework.boot.StartupInfoLogger [main] Running with Spring Boot v2.5.6, Spring v5.3.12
2021-11-10 23:10:11,022 INFO org.springframework.boot.SpringApplication [main] No active profile set, falling back to default profiles: default
2021-11-10 23:10:53,858 INFO org.springframework.boot.StartupInfoLogger [main] Starting ProductJPAControllerTest using Java 1.8.0_144 on DESKTOP-RSSL4UD with PID 12804 (started by ongdi in F:\my_workspace\springboot-springdatajpa-maven\demo)
2021-11-10 23:10:53,862 DEBUG org.springframework.boot.StartupInfoLogger [main] Running with Spring Boot v2.5.6, Spring v5.3.12
2021-11-10 23:10:53,897 INFO org.springframework.boot.SpringApplication [main] No active profile set, falling back to default profiles: default
2021-11-10 23:14:21,811 INFO org.springframework.boot.StartupInfoLogger [main] Starting ProductJPAControllerTest using Java 1.8.0_144 on DESKTOP-RSSL4UD with PID 6024 (started by ongdi in F:\my_workspace\springboot-springdatajpa-maven\demo)
2021-11-10 23:14:21,814 DEBUG org.springframework.boot.StartupInfoLogger [main] Running with Spring Boot v2.5.6, Spring v5.3.12
2021-11-10 23:14:21,836 INFO org.springframework.boot.SpringApplication [main] No active profile set, falling back to default profiles: default
2021-11-10 23:22:36,277 INFO org.springframework.boot.StartupInfoLogger [restartedMain] Starting DemoApplication using Java 1.8.0_144 on DESKTOP-RSSL4UD with PID 18844 (F:\my_workspace\springboot-springdatajpa-maven\demo\target\classes started by ongdi in F:\my_workspace\springboot-springdatajpa-maven\demo)
2021-11-10 23:22:36,278 DEBUG org.springframework.boot.StartupInfoLogger [restartedMain] Running with Spring Boot v2.5.6, Spring v5.3.12
2021-11-10 23:22:36,279 INFO org.springframework.boot.SpringApplication [restartedMain] No active profile set, falling back to default profiles: default
2021-11-10 23:22:56,237 INFO org.springframework.boot.StartupInfoLogger [main] Starting ProductJPAControllerTest using Java 1.8.0_144 on DESKTOP-RSSL4UD with PID 19040 (started by ongdi in F:\my_workspace\springboot-springdatajpa-maven\demo)
2021-11-10 23:22:56,240 DEBUG org.springframework.boot.StartupInfoLogger [main] Running with Spring Boot v2.5.6, Spring v5.3.12
2021-11-10 23:22:56,280 INFO org.springframework.boot.SpringApplication [main] No active profile set, falling back to default profiles: default
2021-11-10 23:24:15,241 INFO org.springframework.boot.StartupInfoLogger [main] Starting ProductJPAControllerTest using Java 1.8.0_144 on DESKTOP-RSSL4UD with PID 19412 (started by ongdi in F:\my_workspace\springboot-springdatajpa-maven\demo)
2021-11-10 23:24:15,243 DEBUG org.springframework.boot.StartupInfoLogger [main] Running with Spring Boot v2.5.6, Spring v5.3.12
2021-11-10 23:24:15,262 INFO org.springframework.boot.SpringApplication [main] No active profile set, falling back to default profiles: default
2021-11-10 23:31:27,740 INFO org.springframework.boot.StartupInfoLogger [main] Starting ProductJPAControllerTest using Java 1.8.0_144 on DESKTOP-RSSL4UD with PID 8564 (started by ongdi in F:\my_workspace\springboot-springdatajpa-maven\demo)
2021-11-10 23:31:27,742 DEBUG org.springframework.boot.StartupInfoLogger [main] Running with Spring Boot v2.5.6, Spring v5.3.12
2021-11-10 23:31:27,754 INFO org.springframework.boot.SpringApplication [main] No active profile set, falling back to default profiles: default
2021-11-10 23:34:30,986 INFO org.springframework.boot.StartupInfoLogger [main] Starting ProductJPAControllerTest using Java 1.8.0_144 on DESKTOP-RSSL4UD with PID 16816 (started by ongdi in F:\my_workspace\springboot-springdatajpa-maven\demo)
2021-11-10 23:34:30,989 DEBUG org.springframework.boot.StartupInfoLogger [main] Running with Spring Boot v2.5.6, Spring v5.3.12
2021-11-10 23:34:31,013 INFO org.springframework.boot.SpringApplication [main] No active profile set, falling back to default profiles: default
2021-11-10 23:35:34,144 INFO org.springframework.boot.StartupInfoLogger [main] Starting ProductJPAControllerTest using Java 1.8.0_144 on DESKTOP-RSSL4UD with PID 8224 (started by ongdi in F:\my_workspace\springboot-springdatajpa-maven\demo)
2021-11-10 23:35:34,147 DEBUG org.springframework.boot.StartupInfoLogger [main] Running with Spring Boot v2.5.6, Spring v5.3.12
2021-11-10 23:35:34,154 INFO org.springframework.boot.SpringApplication [main] No active profile set, falling back to default profiles: default
2021-11-10 23:37:39,081 INFO org.springframework.boot.StartupInfoLogger [main] Starting ProductJPAControllerTest using Java 1.8.0_144 on DESKTOP-RSSL4UD with PID 2356 (started by ongdi in F:\my_workspace\springboot-springdatajpa-maven\demo)
2021-11-10 23:37:39,084 DEBUG org.springframework.boot.StartupInfoLogger [main] Running with Spring Boot v2.5.6, Spring v5.3.12
2021-11-10 23:37:39,106 INFO org.springframework.boot.SpringApplication [main] No active profile set, falling back to default profiles: default
2021-11-10 23:42:44,282 INFO org.springframework.boot.StartupInfoLogger [main] Starting ProductJPAControllerTest using Java 1.8.0_144 on DESKTOP-RSSL4UD with PID 10584 (started by ongdi in F:\my_workspace\springboot-springdatajpa-maven\demo)
2021-11-10 23:42:44,285 DEBUG org.springframework.boot.StartupInfoLogger [main] Running with Spring Boot v2.5.6, Spring v5.3.12
2021-11-10 23:42:44,289 INFO org.springframework.boot.SpringApplication [main] No active profile set, falling back to default profiles: default
2021-11-10 23:49:57,887 INFO org.springframework.boot.StartupInfoLogger [main] Starting ProductJPAControllerTest using Java 1.8.0_144 on DESKTOP-RSSL4UD with PID 9968 (started by ongdi in F:\my_workspace\springboot-springdatajpa-maven\demo)
2021-11-10 23:49:57,890 DEBUG org.springframework.boot.StartupInfoLogger [main] Running with Spring Boot v2.5.6, Spring v5.3.12
2021-11-10 23:49:57,908 INFO org.springframework.boot.SpringApplication [main] No active profile set, falling back to default profiles: default
2021-11-10 23:53:47,138 INFO org.springframework.boot.StartupInfoLogger [main] Starting ProductJPAControllerTest using Java 1.8.0_144 on DESKTOP-RSSL4UD with PID 19096 (started by ongdi in F:\my_workspace\springboot-springdatajpa-maven\demo)
2021-11-10 23:53:47,141 DEBUG org.springframework.boot.StartupInfoLogger [main] Running with Spring Boot v2.5.6, Spring v5.3.12
2021-11-10 23:53:47,200 INFO org.springframework.boot.SpringApplication [main] No active profile set, falling back to default profiles: default
2021-11-10 23:54:50,093 INFO org.springframework.boot.StartupInfoLogger [main] Starting ProductJPAControllerTest using Java 1.8.0_144 on DESKTOP-RSSL4UD with PID 1952 (started by ongdi in F:\my_workspace\springboot-springdatajpa-maven\demo)
2021-11-10 23:54:50,095 DEBUG org.springframework.boot.StartupInfoLogger [main] Running with Spring Boot v2.5.6, Spring v5.3.12
2021-11-10 23:54:50,116 INFO org.springframework.boot.SpringApplication [main] No active profile set, falling back to default profiles: default
2021-11-10 23:55:46,607 INFO org.springframework.boot.StartupInfoLogger [main] Starting ProductJPAControllerTest using Java 1.8.0_144 on DESKTOP-RSSL4UD with PID 18444 (started by ongdi in F:\my_workspace\springboot-springdatajpa-maven\demo)
2021-11-10 23:55:46,626 DEBUG org.springframework.boot.StartupInfoLogger [main] Running with Spring Boot v2.5.6, Spring v5.3.12
2021-11-10 23:55:46,651 INFO org.springframework.boot.SpringApplication [main] No active profile set, falling back to default profiles: default
2021-11-10 23:57:08,203 INFO org.springframework.boot.StartupInfoLogger [main] Starting ProductJPAControllerTest using Java 1.8.0_144 on DESKTOP-RSSL4UD with PID 2764 (started by ongdi in F:\my_workspace\springboot-springdatajpa-maven\demo)
2021-11-10 23:57:08,205 DEBUG org.springframework.boot.StartupInfoLogger [main] Running with Spring Boot v2.5.6, Spring v5.3.12
2021-11-10 23:57:08,209 INFO org.springframework.boot.SpringApplication [main] No active profile set, falling back to default profiles: default
2021-11-10 23:58:11,086 INFO org.springframework.boot.StartupInfoLogger [main] Starting ProductJPAControllerTest using Java 1.8.0_144 on DESKTOP-RSSL4UD with PID 3040 (started by ongdi in F:\my_workspace\springboot-springdatajpa-maven\demo)
2021-11-10 23:58:11,089 DEBUG org.springframework.boot.StartupInfoLogger [main] Running with Spring Boot v2.5.6, Spring v5.3.12
2021-11-10 23:58:11,100 INFO org.springframework.boot.SpringApplication [main] No active profile set, falling back to default profiles: default
2021-11-10 23:58:22,812 INFO org.springframework.boot.StartupInfoLogger [main] Started ProductJPAControllerTest in 14.371 seconds (JVM running for 18.233)
2021-11-10 23:59:42,781 INFO org.springframework.boot.StartupInfoLogger [main] Starting ProductJPAControllerTest using Java 1.8.0_144 on DESKTOP-RSSL4UD with PID 4220 (started by ongdi in F:\my_workspace\springboot-springdatajpa-maven\demo)
2021-11-10 23:59:42,785 DEBUG org.springframework.boot.StartupInfoLogger [main] Running with Spring Boot v2.5.6, Spring v5.3.12
2021-11-10 23:59:42,796 INFO org.springframework.boot.SpringApplication [main] No active profile set, falling back to default profiles: default
2021-11-10 23:59:53,953 INFO org.springframework.boot.StartupInfoLogger [main] Started ProductJPAControllerTest in 13.917 seconds (JVM running for 17.893)
2021-11-10 23:59:54,198 WARN com.tma.demo.configs.spring_security.JwtRequestFilter [main] JWT Token does not begin with Bearer String
2021-11-11 00:07:03,792 INFO org.springframework.boot.StartupInfoLogger [main] Starting ProductJPAControllerTest using Java 1.8.0_144 on DESKTOP-RSSL4UD with PID 6432 (started by ongdi in F:\my_workspace\springboot-springdatajpa-maven\demo)
2021-11-11 00:07:03,810 DEBUG org.springframework.boot.StartupInfoLogger [main] Running with Spring Boot v2.5.6, Spring v5.3.12
2021-11-11 00:07:03,828 INFO org.springframework.boot.SpringApplication [main] No active profile set, falling back to default profiles: default
2021-11-11 00:07:18,678 INFO org.springframework.boot.StartupInfoLogger [main] Started ProductJPAControllerTest in 18.936 seconds (JVM running for 24.378)
2021-11-11 00:07:18,920 WARN com.tma.demo.configs.spring_security.JwtRequestFilter [main] JWT Token does not begin with Bearer String
2021-11-11 00:09:24,789 INFO org.springframework.boot.StartupInfoLogger [main] Starting ProductJPAControllerTest using Java 1.8.0_144 on DESKTOP-RSSL4UD with PID 18492 (started by ongdi in F:\my_workspace\springboot-springdatajpa-maven\demo)
2021-11-11 00:09:24,792 DEBUG org.springframework.boot.StartupInfoLogger [main] Running with Spring Boot v2.5.6, Spring v5.3.12
2021-11-11 00:09:24,947 INFO org.springframework.boot.SpringApplication [main] No active profile set, falling back to default profiles: default
2021-11-11 00:09:37,878 INFO org.springframework.boot.StartupInfoLogger [main] Started ProductJPAControllerTest in 15.766 seconds (JVM running for 20.073)
2021-11-11 00:09:38,187 WARN com.tma.demo.configs.spring_security.JwtRequestFilter [main] JWT Token does not begin with Bearer String
2021-11-11 00:12:02,873 INFO org.springframework.boot.StartupInfoLogger [main] Starting ProductJPAControllerTest using Java 1.8.0_144 on DESKTOP-RSSL4UD with PID 16788 (started by ongdi in F:\my_workspace\springboot-springdatajpa-maven\demo)
2021-11-11 00:12:02,902 DEBUG org.springframework.boot.StartupInfoLogger [main] Running with Spring Boot v2.5.6, Spring v5.3.12
2021-11-11 00:12:02,912 INFO org.springframework.boot.SpringApplication [main] No active profile set, falling back to default profiles: default
2021-11-11 00:12:19,171 INFO org.springframework.boot.StartupInfoLogger [main] Started ProductJPAControllerTest in 20.936 seconds (JVM running for 26.528)
2021-11-11 00:12:19,690 WARN com.tma.demo.configs.spring_security.JwtRequestFilter [main] JWT Token does not begin with Bearer String
2021-11-11 00:17:58,016 INFO org.springframework.boot.StartupInfoLogger [main] Starting ProductJPAControllerTest using Java 1.8.0_144 on DESKTOP-RSSL4UD with PID 4052 (started by ongdi in F:\my_workspace\springboot-springdatajpa-maven\demo)
2021-11-11 00:17:58,019 DEBUG org.springframework.boot.StartupInfoLogger [main] Running with Spring Boot v2.5.6, Spring v5.3.12
2021-11-11 00:17:58,024 INFO org.springframework.boot.SpringApplication [main] No active profile set, falling back to default profiles: default
2021-11-11 00:18:10,793 INFO org.springframework.boot.StartupInfoLogger [main] Started ProductJPAControllerTest in 16.143 seconds (JVM running for 21.175)
2021-11-11 00:18:11,092 WARN com.tma.demo.configs.spring_security.JwtRequestFilter [main] JWT Token does not begin with Bearer String
2021-11-11 00:30:56,719 INFO org.springframework.boot.StartupInfoLogger [main] Starting ProductJPAControllerTest using Java 1.8.0_144 on DESKTOP-RSSL4UD with PID 7288 (started by ongdi in F:\my_workspace\springboot-springdatajpa-maven\demo)
2021-11-11 00:30:56,721 DEBUG org.springframework.boot.StartupInfoLogger [main] Running with Spring Boot v2.5.6, Spring v5.3.12
2021-11-11 00:30:56,837 INFO org.springframework.boot.SpringApplication [main] No active profile set, falling back to default profiles: default
2021-11-11 00:31:09,819 INFO org.springframework.boot.StartupInfoLogger [main] Started ProductJPAControllerTest in 16.467 seconds (JVM running for 22.447)
2021-11-11 00:31:10,061 WARN com.tma.demo.configs.spring_security.JwtRequestFilter [main] JWT Token does not begin with Bearer String
2021-11-11 00:36:57,849 INFO org.springframework.boot.StartupInfoLogger [main] Starting ProductJPAControllerTest using Java 1.8.0_144 on DESKTOP-RSSL4UD with PID 7596 (started by ongdi in F:\my_workspace\springboot-springdatajpa-maven\demo)
2021-11-11 00:36:57,852 DEBUG org.springframework.boot.StartupInfoLogger [main] Running with Spring Boot v2.5.6, Spring v5.3.12
2021-11-11 00:36:57,895 INFO org.springframework.boot.SpringApplication [main] No active profile set, falling back to default profiles: default
2021-11-11 00:37:09,771 INFO org.springframework.boot.StartupInfoLogger [main] Started ProductJPAControllerTest in 14.286 seconds (JVM running for 18.697)
2021-11-11 00:37:09,988 WARN com.tma.demo.configs.spring_security.JwtRequestFilter [main] JWT Token does not begin with Bearer String
2021-11-11 00:39:10,898 INFO org.springframework.boot.StartupInfoLogger [main] Starting ProductJPAControllerTest using Java 1.8.0_144 on DESKTOP-RSSL4UD with PID 2252 (started by ongdi in F:\my_workspace\springboot-springdatajpa-maven\demo)
2021-11-11 00:39:10,901 DEBUG org.springframework.boot.StartupInfoLogger [main] Running with Spring Boot v2.5.6, Spring v5.3.12
2021-11-11 00:39:10,917 INFO org.springframework.boot.SpringApplication [main] No active profile set, falling back to default profiles: default
2021-11-11 00:39:23,862 INFO org.springframework.boot.StartupInfoLogger [main] Started ProductJPAControllerTest in 15.627 seconds (JVM running for 20.043)
2021-11-11 00:39:24,555 WARN com.tma.demo.configs.spring_security.JwtRequestFilter [main] JWT Token does not begin with Bearer String
2021-11-11 00:40:17,566 INFO org.springframework.boot.StartupInfoLogger [main] Starting ProductJPAControllerTest using Java 1.8.0_144 on DESKTOP-RSSL4UD with PID 17076 (started by ongdi in F:\my_workspace\springboot-springdatajpa-maven\demo)
2021-11-11 00:40:17,570 DEBUG org.springframework.boot.StartupInfoLogger [main] Running with Spring Boot v2.5.6, Spring v5.3.12
2021-11-11 00:40:17,613 INFO org.springframework.boot.SpringApplication [main] No active profile set, falling back to default profiles: default
2021-11-11 00:40:29,296 INFO org.springframework.boot.StartupInfoLogger [main] Started ProductJPAControllerTest in 13.989 seconds (JVM running for 17.968)
2021-11-11 00:40:29,569 WARN com.tma.demo.configs.spring_security.JwtRequestFilter [main] JWT Token does not begin with Bearer String
2021-11-11 00:42:43,576 INFO org.springframework.boot.StartupInfoLogger [main] Starting ProductJPAControllerTest using Java 1.8.0_144 on DESKTOP-RSSL4UD with PID 16424 (started by ongdi in F:\my_workspace\springboot-springdatajpa-maven\demo)
2021-11-11 00:42:43,583 DEBUG org.springframework.boot.StartupInfoLogger [main] Running with Spring Boot v2.5.6, Spring v5.3.12
2021-11-11 00:42:43,608 INFO org.springframework.boot.SpringApplication [main] No active profile set, falling back to default profiles: default
2021-11-11 00:42:57,360 INFO org.springframework.boot.StartupInfoLogger [main] Started ProductJPAControllerTest in 17.202 seconds (JVM running for 24.399)
2021-11-11 00:42:57,687 WARN com.tma.demo.configs.spring_security.JwtRequestFilter [main] JWT Token does not begin with Bearer String
2021-11-11 00:46:42,207 INFO org.springframework.boot.StartupInfoLogger [main] Starting ProductJPAControllerTest using Java 1.8.0_144 on DESKTOP-RSSL4UD with PID 4064 (started by ongdi in F:\my_workspace\springboot-springdatajpa-maven\demo)
2021-11-11 00:46:42,218 DEBUG org.springframework.boot.StartupInfoLogger [main] Running with Spring Boot v2.5.6, Spring v5.3.12
2021-11-11 00:46:42,222 INFO org.springframework.boot.SpringApplication [main] No active profile set, falling back to default profiles: default
2021-11-11 00:46:53,506 INFO org.springframework.boot.StartupInfoLogger [main] Started ProductJPAControllerTest in 13.386 seconds (JVM running for 20.074)
2021-11-11 00:46:53,862 WARN com.tma.demo.configs.spring_security.JwtRequestFilter [main] JWT Token does not begin with Bearer String
2021-11-11 00:50:36,873 INFO org.springframework.boot.StartupInfoLogger [main] Starting ProductJPAControllerTest using Java 1.8.0_144 on DESKTOP-RSSL4UD with PID 11928 (started by ongdi in F:\my_workspace\springboot-springdatajpa-maven\demo)
2021-11-11 00:50:36,876 DEBUG org.springframework.boot.StartupInfoLogger [main] Running with Spring Boot v2.5.6, Spring v5.3.12
2021-11-11 00:50:36,884 INFO org.springframework.boot.SpringApplication [main] No active profile set, falling back to default profiles: default
2021-11-11 00:50:52,950 INFO org.springframework.boot.StartupInfoLogger [main] Started ProductJPAControllerTest in 20.842 seconds (JVM running for 33.955)
2021-11-11 00:50:53,301 WARN com.tma.demo.configs.spring_security.JwtRequestFilter [main] JWT Token does not begin with Bearer String
2021-11-11 00:53:42,907 INFO org.springframework.boot.StartupInfoLogger [main] Starting ProductJPAControllerTest using Java 1.8.0_144 on DESKTOP-RSSL4UD with PID 9908 (started by ongdi in F:\my_workspace\springboot-springdatajpa-maven\demo)
2021-11-11 00:53:42,910 DEBUG org.springframework.boot.StartupInfoLogger [main] Running with Spring Boot v2.5.6, Spring v5.3.12
2021-11-11 00:53:42,922 INFO org.springframework.boot.SpringApplication [main] No active profile set, falling back to default profiles: default
2021-11-11 00:53:57,745 INFO org.springframework.boot.StartupInfoLogger [main] Started ProductJPAControllerTest in 18.246 seconds (JVM running for 26.377)
2021-11-11 00:53:58,042 WARN com.tma.demo.configs.spring_security.JwtRequestFilter [main] JWT Token does not begin with Bearer String
2021-11-11 00:55:09,516 INFO org.springframework.boot.StartupInfoLogger [main] Starting ProductJPAControllerTest using Java 1.8.0_144 on DESKTOP-RSSL4UD with PID 5324 (started by ongdi in F:\my_workspace\springboot-springdatajpa-maven\demo)
2021-11-11 00:55:09,523 DEBUG org.springframework.boot.StartupInfoLogger [main] Running with Spring Boot v2.5.6, Spring v5.3.12
2021-11-11 00:55:09,558 INFO org.springframework.boot.SpringApplication [main] No active profile set, falling back to default profiles: default
2021-11-11 00:55:20,028 INFO org.springframework.boot.StartupInfoLogger [main] Started ProductJPAControllerTest in 12.959 seconds (JVM running for 19.254)
2021-11-11 00:55:20,335 WARN com.tma.demo.configs.spring_security.JwtRequestFilter [main] JWT Token does not begin with Bearer String
2021-11-11 08:42:42,807 INFO org.springframework.boot.StartupInfoLogger [main] Starting ProductJPAControllerTest using Java 1.8.0_144 on DESKTOP-RSSL4UD with PID 3924 (started by ongdi in F:\my_workspace\springboot-springdatajpa-maven\demo)
2021-11-11 08:42:42,818 DEBUG org.springframework.boot.StartupInfoLogger [main] Running with Spring Boot v2.5.6, Spring v5.3.12
2021-11-11 08:42:42,823 INFO org.springframework.boot.SpringApplication [main] No active profile set, falling back to default profiles: default
2021-11-11 08:42:54,680 INFO org.springframework.boot.StartupInfoLogger [main] Started ProductJPAControllerTest in 14.613 seconds (JVM running for 22.995)
2021-11-11 08:42:55,226 WARN com.tma.demo.configs.spring_security.JwtRequestFilter [main] JWT Token does not begin with Bearer String
2021-11-11 08:50:36,900 INFO org.springframework.boot.StartupInfoLogger [main] Starting ProductJPAControllerTest using Java 1.8.0_144 on DESKTOP-RSSL4UD with PID 18936 (started by ongdi in F:\my_workspace\springboot-springdatajpa-maven\demo)
2021-11-11 08:50:36,909 DEBUG org.springframework.boot.StartupInfoLogger [main] Running with Spring Boot v2.5.6, Spring v5.3.12
2021-11-11 08:50:36,938 INFO org.springframework.boot.SpringApplication [main] No active profile set, falling back to default profiles: default
2021-11-11 08:50:50,603 INFO org.springframework.boot.StartupInfoLogger [main] Started ProductJPAControllerTest in 18.274 seconds (JVM running for 30.062)
2021-11-11 08:50:50,974 WARN com.tma.demo.configs.spring_security.JwtRequestFilter [main] JWT Token does not begin with Bearer String
2021-11-11 08:51:58,755 INFO org.springframework.boot.StartupInfoLogger [main] Starting ProductJPAControllerTest using Java 1.8.0_144 on DESKTOP-RSSL4UD with PID 5412 (started by ongdi in F:\my_workspace\springboot-springdatajpa-maven\demo)
2021-11-11 08:51:58,758 DEBUG org.springframework.boot.StartupInfoLogger [main] Running with Spring Boot v2.5.6, Spring v5.3.12
2021-11-11 08:51:58,802 INFO org.springframework.boot.SpringApplication [main] No active profile set, falling back to default profiles: default
2021-11-11 08:52:09,723 INFO org.springframework.boot.StartupInfoLogger [main] Started ProductJPAControllerTest in 13.268 seconds (JVM running for 17.439)
2021-11-11 08:52:09,943 WARN com.tma.demo.configs.spring_security.JwtRequestFilter [main] JWT Token does not begin with Bearer String
2021-11-11 08:55:22,024 INFO org.springframework.boot.StartupInfoLogger [main] Starting ProductJPAControllerTest using Java 1.8.0_144 on DESKTOP-RSSL4UD with PID 7904 (started by ongdi in F:\my_workspace\springboot-springdatajpa-maven\demo)
2021-11-11 08:55:22,028 DEBUG org.springframework.boot.StartupInfoLogger [main] Running with Spring Boot v2.5.6, Spring v5.3.12
2021-11-11 08:55:22,037 INFO org.springframework.boot.SpringApplication [main] No active profile set, falling back to default profiles: default
2021-11-11 09:03:21,000 INFO org.springframework.boot.StartupInfoLogger [main] Starting ProductJPAControllerTest using Java 1.8.0_144 on DESKTOP-RSSL4UD with PID 9748 (started by ongdi in F:\my_workspace\springboot-springdatajpa-maven\demo)
2021-11-11 09:03:21,005 DEBUG org.springframework.boot.StartupInfoLogger [main] Running with Spring Boot v2.5.6, Spring v5.3.12
2021-11-11 09:03:21,012 INFO org.springframework.boot.SpringApplication [main] No active profile set, falling back to default profiles: default
2021-11-11 09:03:31,627 INFO org.springframework.boot.StartupInfoLogger [main] Started ProductJPAControllerTest in 12.633 seconds (JVM running for 17.396)
2021-11-11 09:09:39,225 INFO org.springframework.boot.StartupInfoLogger [main] Starting ProductJPAControllerTest using Java 1.8.0_144 on DESKTOP-RSSL4UD with PID 4864 (started by ongdi in F:\my_workspace\springboot-springdatajpa-maven\demo)
2021-11-11 09:09:39,228 DEBUG org.springframework.boot.StartupInfoLogger [main] Running with Spring Boot v2.5.6, Spring v5.3.12
2021-11-11 09:09:39,235 INFO org.springframework.boot.SpringApplication [main] No active profile set, falling back to default profiles: default
2021-11-11 09:09:51,465 INFO org.springframework.boot.StartupInfoLogger [main] Started ProductJPAControllerTest in 14.875 seconds (JVM running for 19.639)
2021-11-11 09:12:34,143 INFO org.springframework.boot.StartupInfoLogger [main] Starting ProductJPAControllerTest using Java 1.8.0_144 on DESKTOP-RSSL4UD with PID 9016 (started by ongdi in F:\my_workspace\springboot-springdatajpa-maven\demo)
2021-11-11 09:12:34,147 DEBUG org.springframework.boot.StartupInfoLogger [main] Running with Spring Boot v2.5.6, Spring v5.3.12
2021-11-11 09:12:34,151 INFO org.springframework.boot.SpringApplication [main] No active profile set, falling back to default profiles: default
2021-11-11 09:15:35,765 INFO org.springframework.boot.StartupInfoLogger [main] Starting ProductJPAControllerTest using Java 1.8.0_144 on DESKTOP-RSSL4UD with PID 6360 (started by ongdi in F:\my_workspace\springboot-springdatajpa-maven\demo)
2021-11-11 09:15:35,768 DEBUG org.springframework.boot.StartupInfoLogger [main] Running with Spring Boot v2.5.6, Spring v5.3.12
2021-11-11 09:15:35,779 INFO org.springframework.boot.SpringApplication [main] No active profile set, falling back to default profiles: default
2021-11-11 09:15:46,056 INFO org.springframework.boot.StartupInfoLogger [main] Started ProductJPAControllerTest in 12.567 seconds (JVM running for 17.8)
2021-11-11 09:17:24,887 INFO org.springframework.boot.StartupInfoLogger [main] Starting ProductJPAControllerTest using Java 1.8.0_144 on DESKTOP-RSSL4UD with PID 16188 (started by ongdi in F:\my_workspace\springboot-springdatajpa-maven\demo)
2021-11-11 09:17:24,891 DEBUG org.springframework.boot.StartupInfoLogger [main] Running with Spring Boot v2.5.6, Spring v5.3.12
2021-11-11 09:17:24,905 INFO org.springframework.boot.SpringApplication [main] No active profile set, falling back to default profiles: default
2021-11-11 09:17:36,516 INFO org.springframework.boot.StartupInfoLogger [main] Started ProductJPAControllerTest in 13.677 seconds (JVM running for 19.316)
2021-11-11 09:17:36,722 WARN com.tma.demo.configs.spring_security.JwtRequestFilter [main] JWT Token does not begin with Bearer String
2021-11-11 09:20:37,673 INFO org.springframework.boot.StartupInfoLogger [main] Starting ProductJPAControllerTest using Java 1.8.0_144 on DESKTOP-RSSL4UD with PID 12508 (started by ongdi in F:\my_workspace\springboot-springdatajpa-maven\demo)
2021-11-11 09:20:37,683 DEBUG org.springframework.boot.StartupInfoLogger [main] Running with Spring Boot v2.5.6, Spring v5.3.12
2021-11-11 09:20:37,703 INFO org.springframework.boot.SpringApplication [main] No active profile set, falling back to default profiles: default
2021-11-11 09:20:49,996 INFO org.springframework.boot.StartupInfoLogger [main] Started ProductJPAControllerTest in 14.37 seconds (JVM running for 19.417)
2021-11-11 09:20:50,220 WARN com.tma.demo.configs.spring_security.JwtRequestFilter [main] JWT Token does not begin with Bearer String
2021-11-11 09:23:26,826 INFO org.springframework.boot.StartupInfoLogger [main] Starting ProductJPAControllerTest using Java 1.8.0_144 on DESKTOP-RSSL4UD with PID 14748 (started by ongdi in F:\my_workspace\springboot-springdatajpa-maven\demo)
2021-11-11 09:23:26,829 DEBUG org.springframework.boot.StartupInfoLogger [main] Running with Spring Boot v2.5.6, Spring v5.3.12
2021-11-11 09:23:26,856 INFO org.springframework.boot.SpringApplication [main] No active profile set, falling back to default profiles: default
2021-11-11 09:23:36,933 INFO org.springframework.boot.StartupInfoLogger [main] Started ProductJPAControllerTest in 12.094 seconds (JVM running for 16.591)
2021-11-11 09:23:37,162 WARN com.tma.demo.configs.spring_security.JwtRequestFilter [main] JWT Token does not begin with Bearer String
2021-11-11 09:25:18,660 INFO org.springframework.boot.StartupInfoLogger [main] Starting ProductJPAControllerTest using Java 1.8.0_144 on DESKTOP-RSSL4UD with PID 2728 (started by ongdi in F:\my_workspace\springboot-springdatajpa-maven\demo)
2021-11-11 09:25:18,665 DEBUG org.springframework.boot.StartupInfoLogger [main] Running with Spring Boot v2.5.6, Spring v5.3.12
2021-11-11 09:25:18,707 INFO org.springframework.boot.SpringApplication [main] No active profile set, falling back to default profiles: default
2021-11-11 09:25:29,219 INFO org.springframework.boot.StartupInfoLogger [main] Started ProductJPAControllerTest in 12.71 seconds (JVM running for 17.566)
2021-11-11 09:25:29,437 WARN com.tma.demo.configs.spring_security.JwtRequestFilter [main] JWT Token does not begin with Bearer String
2021-11-11 09:53:02,415 INFO org.springframework.boot.StartupInfoLogger [main] Starting ProductJPAControllerTest using Java 1.8.0_144 on DESKTOP-RSSL4UD with PID 16948 (started by ongdi in F:\my_workspace\springboot-springdatajpa-maven\demo)
2021-11-11 09:53:02,419 DEBUG org.springframework.boot.StartupInfoLogger [main] Running with Spring Boot v2.5.6, Spring v5.3.12
2021-11-11 09:53:02,438 INFO org.springframework.boot.SpringApplication [main] No active profile set, falling back to default profiles: default
2021-11-11 09:53:12,539 INFO org.springframework.boot.StartupInfoLogger [main] Started ProductJPAControllerTest in 12.022 seconds (JVM running for 16.688)
2021-11-11 09:53:12,766 WARN com.tma.demo.configs.spring_security.JwtRequestFilter [main] JWT Token does not begin with Bearer String
2021-11-11 10:08:09,994 INFO org.springframework.boot.StartupInfoLogger [main] Starting ProductJPAControllerTest using Java 1.8.0_144 on DESKTOP-RSSL4UD with PID 17380 (started by ongdi in F:\my_workspace\springboot-springdatajpa-maven\demo)
2021-11-11 10:08:09,999 DEBUG org.springframework.boot.StartupInfoLogger [main] Running with Spring Boot v2.5.6, Spring v5.3.12
2021-11-11 10:08:10,017 INFO org.springframework.boot.SpringApplication [main] No active profile set, falling back to default profiles: default
2021-11-11 10:08:21,289 INFO org.springframework.boot.StartupInfoLogger [main] Started ProductJPAControllerTest in 14.239 seconds (JVM running for 20.688)
2021-11-11 10:08:21,502 WARN com.tma.demo.configs.spring_security.JwtRequestFilter [main] JWT Token does not begin with Bearer String
2021-11-11 10:09:52,175 INFO org.springframework.boot.StartupInfoLogger [main] Starting ProductJPAControllerTest using Java 1.8.0_144 on DESKTOP-RSSL4UD with PID 13876 (started by ongdi in F:\my_workspace\springboot-springdatajpa-maven\demo)
2021-11-11 10:09:52,178 DEBUG org.springframework.boot.StartupInfoLogger [main] Running with Spring Boot v2.5.6, Spring v5.3.12
2021-11-11 10:09:52,182 INFO org.springframework.boot.SpringApplication [main] No active profile set, falling back to default profiles: default
2021-11-11 10:10:03,766 INFO org.springframework.boot.StartupInfoLogger [main] Started ProductJPAControllerTest in 13.644 seconds (JVM running for 18.302)
2021-11-11 10:10:32,096 INFO org.springframework.boot.StartupInfoLogger [main] Starting ProductJPAControllerTest using Java 1.8.0_144 on DESKTOP-RSSL4UD with PID 6364 (started by ongdi in F:\my_workspace\springboot-springdatajpa-maven\demo)
2021-11-11 10:10:32,101 DEBUG org.springframework.boot.StartupInfoLogger [main] Running with Spring Boot v2.5.6, Spring v5.3.12
2021-11-11 10:10:32,148 INFO org.springframework.boot.SpringApplication [main] No active profile set, falling back to default profiles: default
2021-11-11 10:10:42,419 INFO org.springframework.boot.StartupInfoLogger [main] Started ProductJPAControllerTest in 12.282 seconds (JVM running for 16.735)
2021-11-11 10:10:42,622 WARN com.tma.demo.configs.spring_security.JwtRequestFilter [main] JWT Token does not begin with Bearer String
2021-11-11 10:11:32,246 INFO org.springframework.boot.StartupInfoLogger [main] Starting ProductJPAControllerTest using Java 1.8.0_144 on DESKTOP-RSSL4UD with PID 8112 (started by ongdi in F:\my_workspace\springboot-springdatajpa-maven\demo)
2021-11-11 10:11:32,248 DEBUG org.springframework.boot.StartupInfoLogger [main] Running with Spring Boot v2.5.6, Spring v5.3.12
2021-11-11 10:11:32,266 INFO org.springframework.boot.SpringApplication [main] No active profile set, falling back to default profiles: default
2021-11-11 10:11:42,513 INFO org.springframework.boot.StartupInfoLogger [main] Started ProductJPAControllerTest in 12.172 seconds (JVM running for 16.566)
2021-11-11 10:11:42,717 WARN com.tma.demo.configs.spring_security.JwtRequestFilter [main] JWT Token does not begin with Bearer String
2021-11-11 10:15:04,979 INFO org.springframework.boot.StartupInfoLogger [main] Starting ProductJPAControllerTest using Java 1.8.0_144 on DESKTOP-RSSL4UD with PID 18344 (started by ongdi in F:\my_workspace\springboot-springdatajpa-maven\demo)
2021-11-11 10:15:04,982 DEBUG org.springframework.boot.StartupInfoLogger [main] Running with Spring Boot v2.5.6, Spring v5.3.12
2021-11-11 10:15:04,992 INFO org.springframework.boot.SpringApplication [main] No active profile set, falling back to default profiles: default
2021-11-11 10:15:16,601 INFO org.springframework.boot.StartupInfoLogger [main] Started ProductJPAControllerTest in 13.67 seconds (JVM running for 19.516)
2021-11-11 10:16:59,639 INFO org.springframework.boot.StartupInfoLogger [main] Starting ProductJPAControllerTest using Java 1.8.0_144 on DESKTOP-RSSL4UD with PID 14308 (started by ongdi in F:\my_workspace\springboot-springdatajpa-maven\demo)
2021-11-11 10:16:59,642 DEBUG org.springframework.boot.StartupInfoLogger [main] Running with Spring Boot v2.5.6, Spring v5.3.12
2021-11-11 10:16:59,667 INFO org.springframework.boot.SpringApplication [main] No active profile set, falling back to default profiles: default
2021-11-11 10:17:10,267 INFO org.springframework.boot.StartupInfoLogger [main] Started ProductJPAControllerTest in 12.466 seconds (JVM running for 16.957)
2021-11-11 10:17:10,527 WARN com.tma.demo.configs.spring_security.JwtRequestFilter [main] JWT Token does not begin with Bearer String
2021-11-11 10:18:52,812 INFO org.springframework.boot.StartupInfoLogger [main] Starting ProductJPAControllerTest using Java 1.8.0_144 on DESKTOP-RSSL4UD with PID 8740 (started by ongdi in F:\my_workspace\springboot-springdatajpa-maven\demo)
2021-11-11 10:18:52,815 DEBUG org.springframework.boot.StartupInfoLogger [main] Running with Spring Boot v2.5.6, Spring v5.3.12
2021-11-11 10:18:52,818 INFO org.springframework.boot.SpringApplication [main] No active profile set, falling back to default profiles: default
2021-11-11 10:19:03,985 INFO org.springframework.boot.StartupInfoLogger [main] Started ProductJPAControllerTest in 13.546 seconds (JVM running for 20.515)
2021-11-11 10:19:04,213 WARN com.tma.demo.configs.spring_security.JwtRequestFilter [main] JWT Token does not begin with Bearer String
2021-11-11 10:20:36,262 INFO org.springframework.boot.StartupInfoLogger [main] Starting ProductJPAControllerTest using Java 1.8.0_144 on DESKTOP-RSSL4UD with PID 7736 (started by ongdi in F:\my_workspace\springboot-springdatajpa-maven\demo)
2021-11-11 10:20:36,266 DEBUG org.springframework.boot.StartupInfoLogger [main] Running with Spring Boot v2.5.6, Spring v5.3.12
2021-11-11 10:20:36,275 INFO org.springframework.boot.SpringApplication [main] No active profile set, falling back to default profiles: default
2021-11-11 10:20:47,600 INFO org.springframework.boot.StartupInfoLogger [main] Started ProductJPAControllerTest in 13.274 seconds (JVM running for 18.488)
2021-11-11 10:22:36,503 INFO org.springframework.boot.StartupInfoLogger [main] Starting ProductJPAControllerTest using Java 1.8.0_144 on DESKTOP-RSSL4UD with PID 10364 (started by ongdi in F:\my_workspace\springboot-springdatajpa-maven\demo)
2021-11-11 10:22:36,506 DEBUG org.springframework.boot.StartupInfoLogger [main] Running with Spring Boot v2.5.6, Spring v5.3.12
2021-11-11 10:22:36,527 INFO org.springframework.boot.SpringApplication [main] No active profile set, falling back to default profiles: default
2021-11-11 10:22:46,755 INFO org.springframework.boot.StartupInfoLogger [main] Started ProductJPAControllerTest in 12.273 seconds (JVM running for 16.805)
2021-11-11 10:23:54,007 INFO org.springframework.boot.StartupInfoLogger [main] Starting ProductJPAControllerTest using Java 1.8.0_144 on DESKTOP-RSSL4UD with PID 15412 (started by ongdi in F:\my_workspace\springboot-springdatajpa-maven\demo)
2021-11-11 10:23:54,010 DEBUG org.springframework.boot.StartupInfoLogger [main] Running with Spring Boot v2.5.6, Spring v5.3.12
2021-11-11 10:23:54,041 INFO org.springframework.boot.SpringApplication [main] No active profile set, falling back to default profiles: default
2021-11-11 10:24:04,175 INFO org.springframework.boot.StartupInfoLogger [main] Started ProductJPAControllerTest in 12.028 seconds (JVM running for 16.631)
2021-11-11 10:25:20,043 INFO org.springframework.boot.StartupInfoLogger [main] Starting ProductJPAControllerTest using Java 1.8.0_144 on DESKTOP-RSSL4UD with PID 10712 (started by ongdi in F:\my_workspace\springboot-springdatajpa-maven\demo)
2021-11-11 10:25:20,047 DEBUG org.springframework.boot.StartupInfoLogger [main] Running with Spring Boot v2.5.6, Spring v5.3.12
2021-11-11 10:25:20,054 INFO org.springframework.boot.SpringApplication [main] No active profile set, falling back to default profiles: default
2021-11-11 10:25:31,826 INFO org.springframework.boot.StartupInfoLogger [main] Started ProductJPAControllerTest in 13.855 seconds (JVM running for 19.61)
2021-11-11 10:26:04,795 INFO org.springframework.boot.StartupInfoLogger [main] Starting ProductJPAControllerTest using Java 1.8.0_144 on DESKTOP-RSSL4UD with PID 14644 (started by ongdi in F:\my_workspace\springboot-springdatajpa-maven\demo)
2021-11-11 10:26:04,798 DEBUG org.springframework.boot.StartupInfoLogger [main] Running with Spring Boot v2.5.6, Spring v5.3.12
2021-11-11 10:26:04,831 INFO org.springframework.boot.SpringApplication [main] No active profile set, falling back to default profiles: default
2021-11-11 10:26:15,134 INFO org.springframework.boot.StartupInfoLogger [main] Started ProductJPAControllerTest in 12.175 seconds (JVM running for 16.744)
2021-11-11 10:26:15,344 WARN com.tma.demo.configs.spring_security.JwtRequestFilter [main] JWT Token does not begin with Bearer String
2021-11-11 10:27:19,462 INFO org.springframework.boot.StartupInfoLogger [main] Starting ProductJPAControllerTest using Java 1.8.0_144 on DESKTOP-RSSL4UD with PID 13676 (started by ongdi in F:\my_workspace\springboot-springdatajpa-maven\demo)
2021-11-11 10:27:19,465 DEBUG org.springframework.boot.StartupInfoLogger [main] Running with Spring Boot v2.5.6, Spring v5.3.12
2021-11-11 10:27:19,472 INFO org.springframework.boot.SpringApplication [main] No active profile set, falling back to default profiles: default
2021-11-11 10:27:29,660 INFO org.springframework.boot.StartupInfoLogger [main] Started ProductJPAControllerTest in 12.003 seconds (JVM running for 16.482)
2021-11-11 10:27:29,875 WARN com.tma.demo.configs.spring_security.JwtRequestFilter [main] JWT Token does not begin with Bearer String
2021-11-11 10:30:40,890 INFO org.springframework.boot.StartupInfoLogger [main] Starting ProductJPAControllerTest using Java 1.8.0_144 on DESKTOP-RSSL4UD with PID 14120 (started by ongdi in F:\my_workspace\springboot-springdatajpa-maven\demo)
2021-11-11 10:30:40,893 DEBUG org.springframework.boot.StartupInfoLogger [main] Running with Spring Boot v2.5.6, Spring v5.3.12
2021-11-11 10:30:40,898 INFO org.springframework.boot.SpringApplication [main] No active profile set, falling back to default profiles: default
2021-11-11 10:30:51,017 INFO org.springframework.boot.StartupInfoLogger [main] Started ProductJPAControllerTest in 12.126 seconds (JVM running for 16.648)
2021-11-11 10:30:51,223 WARN com.tma.demo.configs.spring_security.JwtRequestFilter [main] JWT Token does not begin with Bearer String
2021-11-11 10:36:30,125 INFO org.springframework.boot.StartupInfoLogger [main] Starting ProductJPAControllerTest using Java 1.8.0_144 on DESKTOP-RSSL4UD with PID 17168 (started by ongdi in F:\my_workspace\springboot-springdatajpa-maven\demo)
2021-11-11 10:36:30,128 DEBUG org.springframework.boot.StartupInfoLogger [main] Running with Spring Boot v2.5.6, Spring v5.3.12
2021-11-11 10:36:30,140 INFO org.springframework.boot.SpringApplication [main] No active profile set, falling back to default profiles: default
2021-11-11 10:36:40,989 INFO org.springframework.boot.StartupInfoLogger [main] Started ProductJPAControllerTest in 13.302 seconds (JVM running for 19.287)
2021-11-11 10:36:41,192 WARN com.tma.demo.configs.spring_security.JwtRequestFilter [main] JWT Token does not begin with Bearer String
2021-11-11 10:39:29,486 INFO org.springframework.boot.StartupInfoLogger [main] Starting ProductJPAControllerTest using Java 1.8.0_144 on DESKTOP-RSSL4UD with PID 536 (started by ongdi in F:\my_workspace\springboot-springdatajpa-maven\demo)
2021-11-11 10:39:29,489 DEBUG org.springframework.boot.StartupInfoLogger [main] Running with Spring Boot v2.5.6, Spring v5.3.12
2021-11-11 10:39:29,493 INFO org.springframework.boot.SpringApplication [main] No active profile set, falling back to default profiles: default
2021-11-11 10:39:39,660 INFO org.springframework.boot.StartupInfoLogger [main] Started ProductJPAControllerTest in 12.285 seconds (JVM running for 17.095)
2021-11-11 10:39:39,873 WARN com.tma.demo.configs.spring_security.JwtRequestFilter [main] JWT Token does not begin with Bearer String
2021-11-11 10:41:57,412 INFO org.springframework.boot.StartupInfoLogger [main] Starting ProductJPAControllerTest using Java 1.8.0_144 on DESKTOP-RSSL4UD with PID 7428 (started by ongdi in F:\my_workspace\springboot-springdatajpa-maven\demo)
2021-11-11 10:41:57,415 DEBUG org.springframework.boot.StartupInfoLogger [main] Running with Spring Boot v2.5.6, Spring v5.3.12
2021-11-11 10:41:57,419 INFO org.springframework.boot.SpringApplication [main] No active profile set, falling back to default profiles: default
2021-11-11 10:42:07,932 INFO org.springframework.boot.StartupInfoLogger [main] Started ProductJPAControllerTest in 12.829 seconds (JVM running for 17.929)
2021-11-11 10:42:08,196 WARN com.tma.demo.configs.spring_security.JwtRequestFilter [main] JWT Token does not begin with Bearer String
2021-11-11 10:43:24,747 INFO org.springframework.boot.StartupInfoLogger [main] Starting ProductJPAControllerTest using Java 1.8.0_144 on DESKTOP-RSSL4UD with PID 2460 (started by ongdi in F:\my_workspace\springboot-springdatajpa-maven\demo)
2021-11-11 10:43:24,751 DEBUG org.springframework.boot.StartupInfoLogger [main] Running with Spring Boot v2.5.6, Spring v5.3.12
2021-11-11 10:43:24,762 INFO org.springframework.boot.SpringApplication [main] No active profile set, falling back to default profiles: default
2021-11-11 10:43:35,375 INFO org.springframework.boot.StartupInfoLogger [main] Started ProductJPAControllerTest in 12.91 seconds (JVM running for 17.963)
2021-11-11 10:43:35,663 WARN com.tma.demo.configs.spring_security.JwtRequestFilter [main] JWT Token does not begin with Bearer String
2021-11-11 10:47:55,475 INFO org.springframework.boot.StartupInfoLogger [main] Starting ProductJPAControllerTest using Java 1.8.0_144 on DESKTOP-RSSL4UD with PID 4092 (started by ongdi in F:\my_workspace\springboot-springdatajpa-maven\demo)
2021-11-11 10:47:55,479 DEBUG org.springframework.boot.StartupInfoLogger [main] Running with Spring Boot v2.5.6, Spring v5.3.12
2021-11-11 10:47:55,499 INFO org.springframework.boot.SpringApplication [main] No active profile set, falling back to default profiles: default
2021-11-11 10:48:07,308 INFO org.springframework.boot.StartupInfoLogger [main] Started ProductJPAControllerTest in 14.775 seconds (JVM running for 21.304)
2021-11-11 10:48:07,519 WARN com.tma.demo.configs.spring_security.JwtRequestFilter [main] JWT Token does not begin with Bearer String
2021-11-11 11:05:54,839 INFO org.springframework.boot.StartupInfoLogger [main] Starting ProductJPAControllerTest using Java 1.8.0_144 on DESKTOP-RSSL4UD with PID 18576 (started by ongdi in F:\my_workspace\springboot-springdatajpa-maven\demo)
2021-11-11 11:05:54,842 DEBUG org.springframework.boot.StartupInfoLogger [main] Running with Spring Boot v2.5.6, Spring v5.3.12
2021-11-11 11:05:54,847 INFO org.springframework.boot.SpringApplication [main] No active profile set, falling back to default profiles: default
2021-11-11 11:06:06,196 INFO org.springframework.boot.StartupInfoLogger [main] Started ProductJPAControllerTest in 13.328 seconds (JVM running for 17.925)
2021-11-11 11:06:06,577 WARN com.tma.demo.configs.spring_security.JwtRequestFilter [main] JWT Token does not begin with Bearer String
2021-11-11 11:10:00,357 INFO org.springframework.boot.StartupInfoLogger [main] Starting ProductJPAControllerTest using Java 1.8.0_144 on DESKTOP-RSSL4UD with PID 13708 (started by ongdi in F:\my_workspace\springboot-springdatajpa-maven\demo)
2021-11-11 11:10:00,364 DEBUG org.springframework.boot.StartupInfoLogger [main] Running with Spring Boot v2.5.6, Spring v5.3.12
2021-11-11 11:10:00,405 INFO org.springframework.boot.SpringApplication [main] No active profile set, falling back to default profiles: default
2021-11-11 11:10:18,127 INFO org.springframework.boot.StartupInfoLogger [main] Started ProductJPAControllerTest in 20.283 seconds (JVM running for 27.829)
2021-11-11 11:10:18,531 WARN com.tma.demo.configs.spring_security.JwtRequestFilter [main] JWT Token does not begin with Bearer String
2021-11-11 11:12:56,220 INFO org.springframework.boot.StartupInfoLogger [main] Starting ProductJPAControllerTest using Java 1.8.0_144 on DESKTOP-RSSL4UD with PID 18216 (started by ongdi in F:\my_workspace\springboot-springdatajpa-maven\demo)
2021-11-11 11:12:56,226 DEBUG org.springframework.boot.StartupInfoLogger [main] Running with Spring Boot v2.5.6, Spring v5.3.12
2021-11-11 11:12:56,235 INFO org.springframework.boot.SpringApplication [main] No active profile set, falling back to default profiles: default
2021-11-11 11:13:22,411 INFO org.springframework.boot.StartupInfoLogger [main] Started ProductJPAControllerTest in 30.06 seconds (JVM running for 39.151)
2021-11-11 11:13:23,143 WARN com.tma.demo.configs.spring_security.JwtRequestFilter [main] JWT Token does not begin with Bearer String
2021-11-11 11:15:00,217 INFO org.springframework.boot.StartupInfoLogger [main] Starting ProductJPAControllerTest using Java 1.8.0_144 on DESKTOP-RSSL4UD with PID 15348 (started by ongdi in F:\my_workspace\springboot-springdatajpa-maven\demo)
2021-11-11 11:15:00,221 DEBUG org.springframework.boot.StartupInfoLogger [main] Running with Spring Boot v2.5.6, Spring v5.3.12
2021-11-11 11:15:00,248 INFO org.springframework.boot.SpringApplication [main] No active profile set, falling back to default profiles: default
2021-11-11 11:15:11,219 INFO org.springframework.boot.StartupInfoLogger [main] Started ProductJPAControllerTest in 13.137 seconds (JVM running for 17.99)
2021-11-11 11:15:11,432 WARN com.tma.demo.configs.spring_security.JwtRequestFilter [main] JWT Token does not begin with Bearer String
2021-11-11 11:16:21,700 INFO org.springframework.boot.StartupInfoLogger [main] Starting ProductJPAControllerTest using Java 1.8.0_144 on DESKTOP-RSSL4UD with PID 6640 (started by ongdi in F:\my_workspace\springboot-springdatajpa-maven\demo)
2021-11-11 11:16:21,703 DEBUG org.springframework.boot.StartupInfoLogger [main] Running with Spring Boot v2.5.6, Spring v5.3.12
2021-11-11 11:16:21,722 INFO org.springframework.boot.SpringApplication [main] No active profile set, falling back to default profiles: default
2021-11-11 11:16:31,921 INFO org.springframework.boot.StartupInfoLogger [main] Started ProductJPAControllerTest in 12.573 seconds (JVM running for 17.632)
2021-11-11 11:16:32,105 WARN com.tma.demo.configs.spring_security.JwtRequestFilter [main] JWT Token does not begin with Bearer String
2021-11-11 11:16:32,587 WARN com.tma.demo.configs.spring_security.JwtRequestFilter [main] JWT Token does not begin with Bearer String
2021-11-11 11:18:10,903 INFO org.springframework.boot.StartupInfoLogger [main] Starting ProductJPAControllerTest using Java 1.8.0_144 on DESKTOP-RSSL4UD with PID 13760 (started by ongdi in F:\my_workspace\springboot-springdatajpa-maven\demo)
2021-11-11 11:18:10,907 DEBUG org.springframework.boot.StartupInfoLogger [main] Running with Spring Boot v2.5.6, Spring v5.3.12
2021-11-11 11:18:10,965 INFO org.springframework.boot.SpringApplication [main] No active profile set, falling back to default profiles: default
2021-11-11 11:18:25,050 INFO org.springframework.boot.StartupInfoLogger [main] Started ProductJPAControllerTest in 16.765 seconds (JVM running for 22.693)
2021-11-11 11:20:54,759 INFO org.springframework.boot.StartupInfoLogger [main] Starting ProductJPAControllerTest using Java 1.8.0_144 on DESKTOP-RSSL4UD with PID 6360 (started by ongdi in F:\my_workspace\springboot-springdatajpa-maven\demo)
2021-11-11 11:20:54,763 DEBUG org.springframework.boot.StartupInfoLogger [main] Running with Spring Boot v2.5.6, Spring v5.3.12
2021-11-11 11:20:54,769 INFO org.springframework.boot.SpringApplication [main] No active profile set, falling back to default profiles: default
2021-11-11 11:21:05,113 INFO org.springframework.boot.StartupInfoLogger [main] Started ProductJPAControllerTest in 12.404 seconds (JVM running for 17.041)
2021-11-11 11:22:58,014 INFO org.springframework.boot.StartupInfoLogger [main] Starting ProductJPAControllerTest using Java 1.8.0_144 on DESKTOP-RSSL4UD with PID 15720 (started by ongdi in F:\my_workspace\springboot-springdatajpa-maven\demo)
2021-11-11 11:22:58,018 DEBUG org.springframework.boot.StartupInfoLogger [main] Running with Spring Boot v2.5.6, Spring v5.3.12
2021-11-11 11:22:58,022 INFO org.springframework.boot.SpringApplication [main] No active profile set, falling back to default profiles: default
2021-11-11 11:23:08,903 INFO org.springframework.boot.StartupInfoLogger [main] Started ProductJPAControllerTest in 13.753 seconds (JVM running for 19.254)
2021-11-11 11:23:09,097 WARN com.tma.demo.configs.spring_security.JwtRequestFilter [main] JWT Token does not begin with Bearer String
2021-11-11 11:26:49,742 INFO org.springframework.boot.StartupInfoLogger [main] Starting ProductJPAControllerTest using Java 1.8.0_144 on DESKTOP-RSSL4UD with PID 19032 (started by ongdi in F:\my_workspace\springboot-springdatajpa-maven\demo)
2021-11-11 11:26:49,745 DEBUG org.springframework.boot.StartupInfoLogger [main] Running with Spring Boot v2.5.6, Spring v5.3.12
2021-11-11 11:26:49,754 INFO org.springframework.boot.SpringApplication [main] No active profile set, falling back to default profiles: default
2021-11-11 11:27:00,978 INFO org.springframework.boot.StartupInfoLogger [main] Started ProductJPAControllerTest in 13.135 seconds (JVM running for 17.806)
2021-11-11 11:28:39,204 INFO org.springframework.boot.StartupInfoLogger [main] Starting ProductJPAControllerTest using Java 1.8.0_144 on DESKTOP-RSSL4UD with PID 13028 (started by ongdi in F:\my_workspace\springboot-springdatajpa-maven\demo)
2021-11-11 11:28:39,207 DEBUG org.springframework.boot.StartupInfoLogger [main] Running with Spring Boot v2.5.6, Spring v5.3.12
2021-11-11 11:28:39,213 INFO org.springframework.boot.SpringApplication [main] No active profile set, falling back to default profiles: default
2021-11-11 11:28:49,719 INFO org.springframework.boot.StartupInfoLogger [main] Started ProductJPAControllerTest in 12.62 seconds (JVM running for 17.359)
2021-11-11 11:28:49,915 WARN com.tma.demo.configs.spring_security.JwtRequestFilter [main] JWT Token does not begin with Bearer String
2021-11-11 11:29:39,420 INFO org.springframework.boot.StartupInfoLogger [main] Starting ProductJPAControllerTest using Java 1.8.0_144 on DESKTOP-RSSL4UD with PID 6000 (started by ongdi in F:\my_workspace\springboot-springdatajpa-maven\demo)
2021-11-11 11:29:39,424 DEBUG org.springframework.boot.StartupInfoLogger [main] Running with Spring Boot v2.5.6, Spring v5.3.12
2021-11-11 11:29:39,472 INFO org.springframework.boot.SpringApplication [main] No active profile set, falling back to default profiles: default
2021-11-11 11:29:49,698 INFO org.springframework.boot.StartupInfoLogger [main] Started ProductJPAControllerTest in 12.056 seconds (JVM running for 16.566)
2021-11-11 11:29:49,887 WARN com.tma.demo.configs.spring_security.JwtRequestFilter [main] JWT Token does not begin with Bearer String
2021-11-11 11:31:43,389 INFO org.springframework.boot.StartupInfoLogger [main] Starting ProductJPAControllerTest using Java 1.8.0_144 on DESKTOP-RSSL4UD with PID 7276 (started by ongdi in F:\my_workspace\springboot-springdatajpa-maven\demo)
2021-11-11 11:31:43,392 DEBUG org.springframework.boot.StartupInfoLogger [main] Running with Spring Boot v2.5.6, Spring v5.3.12
2021-11-11 11:31:43,397 INFO org.springframework.boot.SpringApplication [main] No active profile set, falling back to default profiles: default
2021-11-11 11:31:54,213 INFO org.springframework.boot.StartupInfoLogger [main] Started ProductJPAControllerTest in 12.931 seconds (JVM running for 17.584)
2021-11-11 11:31:54,400 WARN com.tma.demo.configs.spring_security.JwtRequestFilter [main] JWT Token does not begin with Bearer String
2021-11-11 11:32:49,518 INFO org.springframework.boot.StartupInfoLogger [main] Starting ProductJPAControllerTest using Java 1.8.0_144 on DESKTOP-RSSL4UD with PID 6208 (started by ongdi in F:\my_workspace\springboot-springdatajpa-maven\demo)
2021-11-11 11:32:49,521 DEBUG org.springframework.boot.StartupInfoLogger [main] Running with Spring Boot v2.5.6, Spring v5.3.12
2021-11-11 11:32:49,533 INFO org.springframework.boot.SpringApplication [main] No active profile set, falling back to default profiles: default
2021-11-11 11:33:00,516 INFO org.springframework.boot.StartupInfoLogger [main] Started ProductJPAControllerTest in 13.12 seconds (JVM running for 17.683)
2021-11-11 11:33:00,725 WARN com.tma.demo.configs.spring_security.JwtRequestFilter [main] JWT Token does not begin with Bearer String
2021-11-11 11:35:38,459 INFO org.springframework.boot.StartupInfoLogger [main] Starting ProductJPAControllerTest using Java 1.8.0_144 on DESKTOP-RSSL4UD with PID 10568 (started by ongdi in F:\my_workspace\springboot-springdatajpa-maven\demo)
2021-11-11 11:35:38,462 DEBUG org.springframework.boot.StartupInfoLogger [main] Running with Spring Boot v2.5.6, Spring v5.3.12
2021-11-11 11:35:38,469 INFO org.springframework.boot.SpringApplication [main] No active profile set, falling back to default profiles: default
2021-11-11 11:35:49,164 INFO org.springframework.boot.StartupInfoLogger [main] Started ProductJPAControllerTest in 12.874 seconds (JVM running for 17.531)
2021-11-11 11:35:49,354 WARN com.tma.demo.configs.spring_security.JwtRequestFilter [main] JWT Token does not begin with Bearer String
2021-11-11 11:41:48,307 INFO org.springframework.boot.StartupInfoLogger [main] Starting ProductJPAControllerTest using Java 1.8.0_144 on DESKTOP-RSSL4UD with PID 10496 (started by ongdi in F:\my_workspace\springboot-springdatajpa-maven\demo)
2021-11-11 11:41:48,311 DEBUG org.springframework.boot.StartupInfoLogger [main] Running with Spring Boot v2.5.6, Spring v5.3.12
2021-11-11 11:41:48,317 INFO org.springframework.boot.SpringApplication [main] No active profile set, falling back to default profiles: default
2021-11-11 11:42:00,416 INFO org.springframework.boot.StartupInfoLogger [main] Started ProductJPAControllerTest in 15.071 seconds (JVM running for 22.31)
2021-11-11 11:42:00,618 WARN com.tma.demo.configs.spring_security.JwtRequestFilter [main] JWT Token does not begin with Bearer String
2021-11-11 11:43:06,489 INFO org.springframework.boot.StartupInfoLogger [main] Starting ProductJPAControllerTest using Java 1.8.0_144 on DESKTOP-RSSL4UD with PID 3356 (started by ongdi in F:\my_workspace\springboot-springdatajpa-maven\demo)
2021-11-11 11:43:06,492 DEBUG org.springframework.boot.StartupInfoLogger [main] Running with Spring Boot v2.5.6, Spring v5.3.12
2021-11-11 11:43:06,497 INFO org.springframework.boot.SpringApplication [main] No active profile set, falling back to default profiles: default
2021-11-11 11:43:16,843 INFO org.springframework.boot.StartupInfoLogger [main] Started ProductJPAControllerTest in 12.44 seconds (JVM running for 17.063)
2021-11-11 11:43:17,039 WARN com.tma.demo.configs.spring_security.JwtRequestFilter [main] JWT Token does not begin with Bearer String
2021-11-11 11:45:09,817 INFO org.springframework.boot.StartupInfoLogger [main] Starting ProductJPAControllerTest using Java 1.8.0_144 on DESKTOP-RSSL4UD with PID 16860 (started by ongdi in F:\my_workspace\springboot-springdatajpa-maven\demo)
2021-11-11 11:45:09,830 DEBUG org.springframework.boot.StartupInfoLogger [main] Running with Spring Boot v2.5.6, Spring v5.3.12
2021-11-11 11:45:09,850 INFO org.springframework.boot.SpringApplication [main] No active profile set, falling back to default profiles: default
2021-11-11 11:45:21,973 INFO org.springframework.boot.StartupInfoLogger [main] Started ProductJPAControllerTest in 14.11 seconds (JVM running for 19.221)
2021-11-11 11:45:22,188 WARN com.tma.demo.configs.spring_security.JwtRequestFilter [main] JWT Token does not begin with Bearer String
2021-11-11 11:48:06,509 INFO org.springframework.boot.StartupInfoLogger [main] Starting ProductJPAControllerTest using Java 1.8.0_144 on DESKTOP-RSSL4UD with PID 15132 (started by ongdi in F:\my_workspace\springboot-springdatajpa-maven\demo)
2021-11-11 11:48:06,517 DEBUG org.springframework.boot.StartupInfoLogger [main] Running with Spring Boot v2.5.6, Spring v5.3.12
2021-11-11 11:48:06,521 INFO org.springframework.boot.SpringApplication [main] No active profile set, falling back to default profiles: default
2021-11-11 11:48:23,379 INFO org.springframework.boot.StartupInfoLogger [main] Started ProductJPAControllerTest in 19.503 seconds (JVM running for 26.777)
2021-11-11 11:48:23,799 WARN com.tma.demo.configs.spring_security.JwtRequestFilter [main] JWT Token does not begin with Bearer String
2021-11-11 11:49:46,582 INFO org.springframework.boot.StartupInfoLogger [main] Starting ProductJPAControllerTest using Java 1.8.0_144 on DESKTOP-RSSL4UD with PID 14344 (started by ongdi in F:\my_workspace\springboot-springdatajpa-maven\demo)
2021-11-11 11:49:46,586 DEBUG org.springframework.boot.StartupInfoLogger [main] Running with Spring Boot v2.5.6, Spring v5.3.12
2021-11-11 11:49:46,596 INFO org.springframework.boot.SpringApplication [main] No active profile set, falling back to default profiles: default
2021-11-11 11:50:06,257 INFO org.springframework.boot.StartupInfoLogger [main] Started ProductJPAControllerTest in 22.228 seconds (JVM running for 29.457)
2021-11-11 11:50:06,696 WARN com.tma.demo.configs.spring_security.JwtRequestFilter [main] JWT Token does not begin with Bearer String
2021-11-11 11:50:39,955 INFO org.springframework.boot.StartupInfoLogger [main] Starting ProductJPAControllerTest using Java 1.8.0_144 on DESKTOP-RSSL4UD with PID 15708 (started by ongdi in F:\my_workspace\springboot-springdatajpa-maven\demo)
2021-11-11 11:50:39,959 DEBUG org.springframework.boot.StartupInfoLogger [main] Running with Spring Boot v2.5.6, Spring v5.3.12
2021-11-11 11:50:39,976 INFO org.springframework.boot.SpringApplication [main] No active profile set, falling back to default profiles: default
2021-11-11 11:50:56,390 INFO org.springframework.boot.StartupInfoLogger [main] Started ProductJPAControllerTest in 19.526 seconds (JVM running for 26.139)
2021-11-11 11:50:57,059 WARN com.tma.demo.configs.spring_security.JwtRequestFilter [main] JWT Token does not begin with Bearer String
2021-11-11 11:50:58,101 WARN com.tma.demo.configs.spring_security.JwtRequestFilter [main] JWT Token does not begin with Bearer String
