2021-11-04 09:50:19,328 INFO org.springframework.boot.StartupInfoLogger [restartedMain] Starting DemoApplication using Java 1.8.0_144 on DESKTOP-RSSL4UD with PID 10160 (F:\my_workspace\springboot-springdatajpa-maven\demo\target\classes started by ongdi in F:\my_workspace\springboot-springdatajpa-maven\demo)
2021-11-04 09:50:19,366 DEBUG org.springframework.boot.StartupInfoLogger [restartedMain] Running with Spring Boot v2.5.6, Spring v5.3.12
2021-11-04 09:50:19,367 INFO org.springframework.boot.SpringApplication [restartedMain] No active profile set, falling back to default profiles: default
2021-11-04 09:50:53,917 DEBUG org.springframework.web.filter.GenericFilterBean [restartedMain] Filter 'jwtRequestFilter' configured for use
2021-11-04 09:51:04,293 INFO org.springframework.boot.StartupInfoLogger [restartedMain] Started DemoApplication in 47.513 seconds (JVM running for 51.868)
2021-11-04 10:09:38,200 WARN com.tma.demo.configs.security.JwtRequestFilter [http-nio-8080-exec-1] JWT Token does not begin with Bearer String
2021-11-04 10:09:38,380 WARN com.tma.demo.configs.security.JwtRequestFilter [http-nio-8080-exec-2] JWT Token does not begin with Bearer String
2021-11-04 10:09:38,379 WARN com.tma.demo.configs.security.JwtRequestFilter [http-nio-8080-exec-3] JWT Token does not begin with Bearer String
2021-11-04 10:09:38,383 WARN com.tma.demo.configs.security.JwtRequestFilter [http-nio-8080-exec-4] JWT Token does not begin with Bearer String
2021-11-04 10:09:40,593 WARN com.tma.demo.configs.security.JwtRequestFilter [http-nio-8080-exec-5] JWT Token does not begin with Bearer String
2021-11-04 10:09:40,870 WARN com.tma.demo.configs.security.JwtRequestFilter [http-nio-8080-exec-6] JWT Token does not begin with Bearer String
2021-11-04 10:47:47,124 INFO org.springframework.boot.StartupInfoLogger [restartedMain] Starting DemoApplication using Java 1.8.0_144 on DESKTOP-RSSL4UD with PID 3968 (F:\my_workspace\springboot-springdatajpa-maven\demo\target\classes started by ongdi in F:\my_workspace\springboot-springdatajpa-maven\demo)
2021-11-04 10:47:47,131 DEBUG org.springframework.boot.StartupInfoLogger [restartedMain] Running with Spring Boot v2.5.6, Spring v5.3.12
2021-11-04 10:47:47,132 INFO org.springframework.boot.SpringApplication [restartedMain] No active profile set, falling back to default profiles: default
2021-11-04 10:48:09,308 DEBUG org.springframework.web.filter.GenericFilterBean [restartedMain] Filter 'jwtRequestFilter' configured for use
2021-11-04 10:48:18,116 INFO org.springframework.boot.StartupInfoLogger [restartedMain] Started DemoApplication in 32.487 seconds (JVM running for 36.01)
2021-11-04 10:48:43,807 WARN com.tma.demo.configs.security.JwtRequestFilter [http-nio-8080-exec-1] JWT Token does not begin with Bearer String
2021-11-04 10:48:45,876 WARN com.tma.demo.configs.security.JwtRequestFilter [http-nio-8080-exec-2] JWT Token does not begin with Bearer String
2021-11-04 10:48:45,916 WARN com.tma.demo.configs.security.JwtRequestFilter [http-nio-8080-exec-3] JWT Token does not begin with Bearer String
2021-11-04 10:48:46,105 WARN com.tma.demo.configs.security.JwtRequestFilter [http-nio-8080-exec-4] JWT Token does not begin with Bearer String
2021-11-04 10:49:21,431 WARN com.tma.demo.configs.security.JwtRequestFilter [http-nio-8080-exec-7] JWT Token does not begin with Bearer String
2021-11-04 10:49:21,469 ERROR com.tma.demo.utils.UUIDHelper [http-nio-8080-exec-7] UUIDHelper - Invalid UUID string: string - com.tma.demo.utils.UUIDHelper
2021-11-04 10:51:12,821 WARN com.tma.demo.configs.security.JwtRequestFilter [http-nio-8080-exec-9] JWT Token does not begin with Bearer String
2021-11-04 10:51:12,883 INFO com.tma.demo.exceptions.CustomHandlerExceptionResponse [http-nio-8080-exec-9] CustomHandlerExceptionResponse - ResponseEntityExceptionHandler - handlerExceptionInternal
2021-11-04 10:52:19,678 WARN com.tma.demo.configs.security.JwtRequestFilter [http-nio-8080-exec-3] JWT Token does not begin with Bearer String
2021-11-04 10:52:19,681 ERROR com.tma.demo.utils.UUIDHelper [http-nio-8080-exec-3] UUIDHelper - Invalid UUID string: sr - com.tma.demo.utils.UUIDHelper
2021-11-04 10:59:18,789 INFO org.springframework.boot.StartupInfoLogger [restartedMain] Starting DemoApplication using Java 1.8.0_144 on DESKTOP-RSSL4UD with PID 12972 (F:\my_workspace\springboot-springdatajpa-maven\demo\target\classes started by ongdi in F:\my_workspace\springboot-springdatajpa-maven\demo)
2021-11-04 10:59:18,797 DEBUG org.springframework.boot.StartupInfoLogger [restartedMain] Running with Spring Boot v2.5.6, Spring v5.3.12
2021-11-04 10:59:18,799 INFO org.springframework.boot.SpringApplication [restartedMain] No active profile set, falling back to default profiles: default
2021-11-04 10:59:41,317 DEBUG org.springframework.web.filter.GenericFilterBean [restartedMain] Filter 'jwtRequestFilter' configured for use
2021-11-04 10:59:50,663 INFO org.springframework.boot.StartupInfoLogger [restartedMain] Started DemoApplication in 33.663 seconds (JVM running for 37.353)
2021-11-04 11:01:12,975 WARN com.tma.demo.configs.security.JwtRequestFilter [http-nio-8080-exec-1] JWT Token does not begin with Bearer String
2021-11-04 11:01:15,041 WARN com.tma.demo.configs.security.JwtRequestFilter [http-nio-8080-exec-2] JWT Token does not begin with Bearer String
2021-11-04 11:01:15,260 WARN com.tma.demo.configs.security.JwtRequestFilter [http-nio-8080-exec-3] JWT Token does not begin with Bearer String
2021-11-04 11:01:34,427 WARN com.tma.demo.configs.security.JwtRequestFilter [http-nio-8080-exec-5] JWT Token does not begin with Bearer String
2021-11-04 11:01:34,435 ERROR com.tma.demo.utils.UUIDHelper [http-nio-8080-exec-5] UUIDHelper - Invalid UUID string: dk - com.tma.demo.utils.UUIDHelper
